18:53:58.652 [main]INFO  Logs - Chrome Browser Started Successfully
18:55:41.585 [main]INFO  Logs - Chrome Browser Started Successfully
19:02:38.454 [main]INFO  Logs - Chrome Browser Started Successfully
19:02:43.026 [main]INFO  Logs - Clicked on Sign up Link
19:02:43.198 [main]INFO  Logs - Parent Email is entered.
19:02:44.885 [main]INFO  Logs - User clicked on Send Email Button
19:03:26.516 [main]INFO  Logs - Chrome Browser Started Successfully
19:03:29.957 [main]INFO  Logs - Clicked on Sign up Link
19:03:30.176 [main]INFO  Logs - Parent Email is entered.
19:03:31.574 [main]INFO  Logs - User clicked on Send Email Button
19:03:56.138 [main]INFO  Logs - Chrome Browser Started Successfully
19:04:00.586 [main]INFO  Logs - Clicked on Sign up Link
19:04:00.708 [main]INFO  Logs - Parent Email is entered.
19:04:02.019 [main]INFO  Logs - User clicked on Send Email Button
19:07:08.625 [main]INFO  Logs - Chrome Browser Started Successfully
19:07:12.503 [main]INFO  Logs - Clicked on Sign up Link
19:07:12.810 [main]INFO  Logs - Parent Email is entered.
19:07:14.201 [main]INFO  Logs - User clicked on Send Email Button
19:33:19.964 [main]INFO  Logs - Chrome Browser Started Successfully
19:33:24.363 [main]INFO  Logs - User Email is Entered
19:33:24.593 [main]INFO  Logs - User Password is Entered
19:33:25.410 [main]INFO  Logs - Clicked on Sign in button
19:33:35.544 [main]INFO  Logs - Login Test Validation Passed
13:58:39.882 [main]INFO  Logs - Chrome Browser Started Successfully
13:58:43.326 [main]INFO  Logs - Clicked on Sign up Link
13:58:43.463 [main]INFO  Logs - User FirstName is entered
13:58:43.562 [main]INFO  Logs - User LastName is entered
13:58:43.673 [main]INFO  Logs - User Mobile Number is entered
13:58:43.817 [main]INFO  Logs - User email is entered
13:58:43.915 [main]INFO  Logs - User Password is entered
13:58:45.261 [main]INFO  Logs - User Clicked on Sign in button
13:58:55.343 [main]INFO  Logs - Login Test Validation Passed
13:58:56.413 [main]INFO  Logs - Chrome Browser Started Successfully
13:58:58.630 [main]INFO  Logs - Clicked on Sign up Link
13:58:58.746 [main]INFO  Logs - User FirstName is entered
13:58:58.842 [main]INFO  Logs - User LastName is entered
13:58:58.972 [main]INFO  Logs - User Mobile Number is entered
13:58:59.143 [main]INFO  Logs - User email is entered
13:58:59.258 [main]INFO  Logs - User Password is entered
13:58:59.865 [main]INFO  Logs - User Clicked on Sign in button
13:59:09.980 [main]INFO  Logs - Login Test Validation Passed
13:59:11.544 [main]INFO  Logs - Chrome Browser Started Successfully
13:59:16.856 [main]INFO  Logs - Clicked on Sign up Link
13:59:17.021 [main]INFO  Logs - User FirstName is entered
13:59:17.188 [main]INFO  Logs - User LastName is entered
13:59:17.338 [main]INFO  Logs - User Mobile Number is entered
13:59:17.614 [main]INFO  Logs - User email is entered
13:59:17.741 [main]INFO  Logs - User Password is entered
13:59:18.801 [main]INFO  Logs - User Clicked on Sign in button
14:08:46.301 [main]INFO  Logs - Chrome Browser Started Successfully
14:08:50.837 [main]INFO  Logs - Clicked on Sign up Link
14:08:51.019 [main]INFO  Logs - User FirstName is entered
14:08:51.168 [main]INFO  Logs - User LastName is entered
14:08:51.370 [main]INFO  Logs - User Mobile Number is entered
14:08:51.591 [main]INFO  Logs - User email is entered
14:08:51.718 [main]INFO  Logs - User Password is entered
14:08:52.930 [main]INFO  Logs - User Clicked on Sign in button
14:09:03.043 [main]INFO  Logs - Login Test Validation Passed
14:09:07.189 [main]INFO  Logs - Chrome Browser Started Successfully
14:09:12.981 [main]INFO  Logs - Clicked on Sign up Link
14:09:13.531 [main]INFO  Logs - User FirstName is entered
14:09:13.752 [main]INFO  Logs - User LastName is entered
14:09:13.961 [main]INFO  Logs - User Mobile Number is entered
14:09:14.378 [main]INFO  Logs - User email is entered
14:09:14.660 [main]INFO  Logs - User Password is entered
14:09:15.778 [main]INFO  Logs - User Clicked on Sign in button
14:09:25.838 [main]INFO  Logs - Login Test Validation Passed
14:10:23.465 [main]INFO  Logs - Chrome Browser Started Successfully
14:10:25.502 [main]INFO  Logs - User Email is Entered
14:10:25.664 [main]INFO  Logs - User Password is Entered
14:10:26.297 [main]INFO  Logs - Clicked on Sign in button
14:10:36.352 [main]INFO  Logs - Login Test Validation Passed
14:10:37.525 [main]INFO  Logs - Chrome Browser Started Successfully
14:10:39.471 [main]INFO  Logs - User Email is Entered
14:10:39.672 [main]INFO  Logs - User Password is Entered
14:10:40.401 [main]INFO  Logs - Clicked on Sign in button
14:10:52.046 [main]INFO  Logs - Chrome Browser Started Successfully
14:10:53.971 [main]INFO  Logs - User Email is Entered
14:10:54.187 [main]INFO  Logs - User Password is Entered
14:10:57.037 [main]INFO  Logs - Clicked on Sign in button
14:10:57.146 [main]INFO  Logs - Login Test Validation Passed
14:18:00.703 [main]INFO  Logs - Chrome Browser Started Successfully
14:18:03.652 [main]INFO  Logs - Clicked on Sign up Link
14:18:03.841 [main]INFO  Logs - User FirstName is entered
14:18:03.968 [main]INFO  Logs - User LastName is entered
14:18:04.690 [main]INFO  Logs - User Mobile Number is entered
14:18:06.560 [main]INFO  Logs - User email is entered
14:18:07.139 [main]INFO  Logs - User Password is entered
14:18:07.611 [main]INFO  Logs - User Clicked on Sign in button
14:18:17.648 [main]INFO  Logs - Login Test Validation Passed
14:18:19.330 [main]INFO  Logs - Chrome Browser Started Successfully
14:18:25.828 [main]INFO  Logs - Clicked on Sign up Link
14:18:28.412 [main]INFO  Logs - User FirstName is entered
14:18:28.523 [main]INFO  Logs - User LastName is entered
14:18:28.656 [main]INFO  Logs - User Mobile Number is entered
14:18:28.947 [main]INFO  Logs - User email is entered
14:18:29.231 [main]INFO  Logs - User Password is entered
14:18:29.813 [main]INFO  Logs - User Clicked on Sign in button
14:18:40.311 [main]INFO  Logs - Login Test Validation Passed
14:20:29.583 [main]INFO  Logs - Chrome Browser Started Successfully
14:20:34.353 [main]INFO  Logs - Clicked on Sign up Link
14:20:34.557 [main]INFO  Logs - User FirstName is entered
14:20:34.688 [main]INFO  Logs - User LastName is entered
14:20:34.877 [main]INFO  Logs - User Mobile Number is entered
14:20:35.065 [main]INFO  Logs - User email is entered
14:20:35.192 [main]INFO  Logs - User Password is entered
14:20:35.737 [main]INFO  Logs - User Clicked on Sign in button
14:20:45.833 [main]INFO  Logs - Login Test Validation Passed
14:20:48.737 [main]INFO  Logs - Chrome Browser Started Successfully
14:20:53.277 [main]INFO  Logs - Clicked on Sign up Link
14:20:53.491 [main]INFO  Logs - User FirstName is entered
14:20:54.490 [main]INFO  Logs - User LastName is entered
14:20:56.710 [main]INFO  Logs - User Mobile Number is entered
14:20:57.276 [main]INFO  Logs - User email is entered
14:20:57.591 [main]INFO  Logs - User Password is entered
14:20:58.730 [main]INFO  Logs - User Clicked on Sign in button
14:21:08.827 [main]INFO  Logs - Login Test Validation Passed
14:31:28.290 [main]INFO  Logs - Chrome Browser Started Successfully
14:31:33.079 [main]INFO  Logs - Clicked on Sign up Link
14:31:33.283 [main]INFO  Logs - User FirstName is entered
14:31:33.431 [main]INFO  Logs - User LastName is entered
14:31:33.599 [main]INFO  Logs - User Mobile Number is entered
14:31:33.810 [main]INFO  Logs - User email is entered
14:31:33.947 [main]INFO  Logs - User Password is entered
14:31:36.062 [main]INFO  Logs - User Clicked on Sign in button
14:31:36.564 [main]INFO  Logs - Login Test Validation Passed
14:31:38.427 [main]INFO  Logs - Chrome Browser Started Successfully
14:31:43.738 [main]INFO  Logs - Clicked on Sign up Link
14:31:43.895 [main]INFO  Logs - User FirstName is entered
14:31:44.028 [main]INFO  Logs - User LastName is entered
14:31:44.192 [main]INFO  Logs - User Mobile Number is entered
14:31:44.403 [main]INFO  Logs - User email is entered
14:31:44.529 [main]INFO  Logs - User Password is entered
14:31:45.071 [main]INFO  Logs - User Clicked on Sign in button
14:35:37.630 [main]INFO  Logs - Chrome Browser Started Successfully
14:35:39.683 [main]INFO  Logs - Clicked on Sign up Link
14:35:39.801 [main]INFO  Logs - User FirstName is entered
14:35:39.893 [main]INFO  Logs - User LastName is entered
14:35:40.004 [main]INFO  Logs - User Mobile Number is entered
14:35:40.145 [main]INFO  Logs - User email is entered
14:35:40.227 [main]INFO  Logs - User Password is entered
14:35:40.625 [main]INFO  Logs - User Clicked on Sign in button
14:35:50.714 [main]INFO  Logs - Login Test Validation Passed
14:40:25.555 [main]INFO  Logs - Chrome Browser Started Successfully
14:40:28.579 [main]INFO  Logs - Clicked on Sign up Link
14:40:28.715 [main]INFO  Logs - User FirstName is entered
14:40:28.801 [main]INFO  Logs - User LastName is entered
14:40:28.933 [main]INFO  Logs - User Mobile Number is entered
14:40:29.095 [main]INFO  Logs - User email is entered
14:40:29.208 [main]INFO  Logs - User Password is entered
14:40:29.681 [main]INFO  Logs - User Clicked on Sign in button
14:40:39.785 [main]INFO  Logs - Login Test Validation Passed
14:41:17.545 [main]INFO  Logs - Chrome Browser Started Successfully
14:41:19.708 [main]INFO  Logs - Clicked on Sign up Link
14:41:19.821 [main]INFO  Logs - User FirstName is entered
14:41:19.914 [main]INFO  Logs - User LastName is entered
14:41:20.021 [main]INFO  Logs - User Mobile Number is entered
14:41:20.158 [main]INFO  Logs - User email is entered
14:41:20.241 [main]INFO  Logs - User Password is entered
14:41:20.634 [main]INFO  Logs - User Clicked on Sign in button
14:41:30.714 [main]INFO  Logs - Login Test Validation Passed
14:42:29.179 [main]INFO  Logs - Chrome Browser Started Successfully
14:42:32.320 [main]INFO  Logs - Clicked on Sign up Link
14:42:32.464 [main]INFO  Logs - User FirstName is entered
14:42:32.557 [main]INFO  Logs - User LastName is entered
14:42:32.674 [main]INFO  Logs - User Mobile Number is entered
14:42:32.848 [main]INFO  Logs - User email is entered
14:42:32.977 [main]INFO  Logs - User Password is entered
14:42:33.430 [main]INFO  Logs - User Clicked on Sign in button
14:42:43.500 [main]INFO  Logs - Login Test Validation Passed
14:45:41.241 [main]INFO  Logs - Chrome Browser Started Successfully
14:45:43.846 [main]INFO  Logs - Clicked on Sign up Link
14:45:44.084 [main]INFO  Logs - User FirstName is entered
14:45:44.199 [main]INFO  Logs - User LastName is entered
14:45:44.319 [main]INFO  Logs - User Mobile Number is entered
14:45:44.499 [main]INFO  Logs - User email is entered
14:45:44.601 [main]INFO  Logs - User Password is entered
14:45:46.031 [main]INFO  Logs - User Clicked on Sign in button
14:45:46.096 [main]INFO  Logs - Login Test Validation Passed
14:45:47.307 [main]INFO  Logs - Chrome Browser Started Successfully
14:45:49.166 [main]INFO  Logs - Clicked on Sign up Link
14:45:49.318 [main]INFO  Logs - User FirstName is entered
14:45:49.425 [main]INFO  Logs - User LastName is entered
14:45:49.550 [main]INFO  Logs - User Mobile Number is entered
14:45:49.684 [main]INFO  Logs - User email is entered
14:45:49.764 [main]INFO  Logs - User Password is entered
14:45:50.142 [main]INFO  Logs - User Clicked on Sign in button
14:47:46.048 [main]INFO  Logs - Chrome Browser Started Successfully
14:47:48.117 [main]INFO  Logs - Clicked on Sign up Link
14:47:48.233 [main]INFO  Logs - User FirstName is entered
14:47:48.317 [main]INFO  Logs - User LastName is entered
14:47:48.423 [main]INFO  Logs - User Mobile Number is entered
14:47:48.555 [main]INFO  Logs - User email is entered
14:47:48.643 [main]INFO  Logs - User Password is entered
14:47:50.043 [main]INFO  Logs - User Clicked on Sign in button
14:47:50.114 [main]INFO  Logs - Login Test Validation Passed
14:47:51.211 [main]INFO  Logs - Chrome Browser Started Successfully
14:47:53.674 [main]INFO  Logs - Clicked on Sign up Link
14:47:53.778 [main]INFO  Logs - User FirstName is entered
14:47:53.880 [main]INFO  Logs - User LastName is entered
14:47:54.006 [main]INFO  Logs - User Mobile Number is entered
14:47:54.180 [main]INFO  Logs - User email is entered
14:47:54.298 [main]INFO  Logs - User Password is entered
14:47:54.737 [main]INFO  Logs - User Clicked on Sign in button
14:49:05.879 [main]INFO  Logs - Chrome Browser Started Successfully
14:49:09.032 [main]INFO  Logs - Clicked on Sign up Link
14:49:09.180 [main]INFO  Logs - User FirstName is entered
14:49:09.280 [main]INFO  Logs - User LastName is entered
14:49:09.405 [main]INFO  Logs - User Mobile Number is entered
14:49:09.548 [main]INFO  Logs - User email is entered
14:49:09.628 [main]INFO  Logs - User Password is entered
14:49:10.968 [main]INFO  Logs - User Clicked on Sign in button
14:49:11.037 [main]INFO  Logs - Login Test Validation Passed
14:49:12.180 [main]INFO  Logs - Chrome Browser Started Successfully
14:49:14.643 [main]INFO  Logs - Clicked on Sign up Link
14:49:14.868 [main]INFO  Logs - User FirstName is entered
14:49:14.982 [main]INFO  Logs - User LastName is entered
14:49:15.125 [main]INFO  Logs - User Mobile Number is entered
14:49:15.262 [main]INFO  Logs - User email is entered
14:49:15.353 [main]INFO  Logs - User Password is entered
14:49:15.810 [main]INFO  Logs - User Clicked on Sign in button
14:50:29.713 [main]INFO  Logs - Chrome Browser Started Successfully
14:50:31.884 [main]INFO  Logs - Clicked on Sign up Link
14:50:32.022 [main]INFO  Logs - User FirstName is entered
14:50:32.115 [main]INFO  Logs - User LastName is entered
14:50:32.205 [main]INFO  Logs - User Mobile Number is entered
14:50:32.331 [main]INFO  Logs - User email is entered
14:50:32.413 [main]INFO  Logs - User Password is entered
14:50:33.689 [main]INFO  Logs - User Clicked on Sign in button
14:50:33.758 [main]INFO  Logs - Login Test Validation Passed
14:50:35.134 [main]INFO  Logs - Chrome Browser Started Successfully
14:50:38.688 [main]INFO  Logs - Clicked on Sign up Link
14:50:39.347 [main]INFO  Logs - User FirstName is entered
14:50:39.449 [main]INFO  Logs - User LastName is entered
14:50:39.563 [main]INFO  Logs - User Mobile Number is entered
14:50:39.738 [main]INFO  Logs - User email is entered
14:50:39.827 [main]INFO  Logs - User Password is entered
14:50:40.910 [main]INFO  Logs - User Clicked on Sign in button
14:52:12.254 [main]INFO  Logs - Chrome Browser Started Successfully
14:52:14.557 [main]INFO  Logs - Clicked on Sign up Link
14:52:14.692 [main]INFO  Logs - User FirstName is entered
14:52:14.793 [main]INFO  Logs - User LastName is entered
14:52:14.930 [main]INFO  Logs - User Mobile Number is entered
14:52:15.081 [main]INFO  Logs - User email is entered
14:52:15.186 [main]INFO  Logs - User Password is entered
14:52:16.609 [main]INFO  Logs - User Clicked on Sign in button
14:52:16.684 [main]INFO  Logs - Login Test Validation Passed
14:52:19.791 [main]INFO  Logs - Chrome Browser Started Successfully
14:52:21.878 [main]INFO  Logs - Clicked on Sign up Link
14:52:22.030 [main]INFO  Logs - User FirstName is entered
14:52:22.135 [main]INFO  Logs - User LastName is entered
14:52:22.241 [main]INFO  Logs - User Mobile Number is entered
14:52:22.390 [main]INFO  Logs - User email is entered
14:52:22.481 [main]INFO  Logs - User Password is entered
14:52:22.904 [main]INFO  Logs - User Clicked on Sign in button
15:07:17.071 [main]INFO  Logs - Chrome Browser Started Successfully
15:07:19.421 [main]INFO  Logs - Clicked on Sign up Link
15:07:19.559 [main]INFO  Logs - User FirstName is entered
15:07:19.650 [main]INFO  Logs - User LastName is entered
15:07:19.770 [main]INFO  Logs - User Mobile Number is entered
15:07:19.875 [main]INFO  Logs - User email is entered
15:07:19.971 [main]INFO  Logs - User Password is entered
15:07:20.050 [main]INFO  Logs - User Clicked on Sign in button
15:07:31.845 [main]INFO  Logs - Chrome Browser Started Successfully
15:07:33.983 [main]INFO  Logs - Clicked on Sign up Link
15:07:34.196 [main]INFO  Logs - User FirstName is entered
15:07:34.398 [main]INFO  Logs - User LastName is entered
15:07:34.702 [main]INFO  Logs - User Mobile Number is entered
15:07:34.948 [main]INFO  Logs - User email is entered
15:07:35.119 [main]INFO  Logs - User Password is entered
15:07:35.250 [main]INFO  Logs - User Clicked on Sign in button
15:08:55.826 [main]INFO  Logs - Chrome Browser Started Successfully
15:08:57.811 [main]INFO  Logs - Clicked on Sign up Link
15:08:57.934 [main]INFO  Logs - User FirstName is entered
15:08:58.020 [main]INFO  Logs - User LastName is entered
15:08:58.146 [main]INFO  Logs - User Mobile Number is entered
15:08:58.240 [main]INFO  Logs - User email is entered
15:08:58.328 [main]INFO  Logs - User Password is entered
15:08:58.399 [main]INFO  Logs - User Clicked on Sign in button
15:09:09.871 [main]INFO  Logs - Chrome Browser Started Successfully
15:09:11.892 [main]INFO  Logs - Clicked on Sign up Link
15:09:12.022 [main]INFO  Logs - User FirstName is entered
15:09:12.137 [main]INFO  Logs - User LastName is entered
15:09:12.300 [main]INFO  Logs - User Mobile Number is entered
15:09:12.433 [main]INFO  Logs - User email is entered
15:09:12.535 [main]INFO  Logs - User Password is entered
15:09:12.633 [main]INFO  Logs - User Clicked on Sign in button
15:09:36.655 [main]INFO  Logs - Chrome Browser Started Successfully
15:09:38.562 [main]INFO  Logs - Clicked on Sign up Link
15:09:38.679 [main]INFO  Logs - User FirstName is entered
15:09:38.766 [main]INFO  Logs - User LastName is entered
15:09:38.902 [main]INFO  Logs - User Mobile Number is entered
15:09:39.026 [main]INFO  Logs - User email is entered
15:09:39.123 [main]INFO  Logs - User Password is entered
15:09:39.580 [main]INFO  Logs - User Clicked on Sign in button
15:09:50.996 [main]INFO  Logs - Chrome Browser Started Successfully
15:09:53.028 [main]INFO  Logs - Clicked on Sign up Link
15:09:53.145 [main]INFO  Logs - User FirstName is entered
15:09:53.229 [main]INFO  Logs - User LastName is entered
15:09:53.321 [main]INFO  Logs - User Mobile Number is entered
15:09:53.426 [main]INFO  Logs - User email is entered
15:09:53.501 [main]INFO  Logs - User Password is entered
15:09:53.943 [main]INFO  Logs - User Clicked on Sign in button
15:11:56.034 [main]INFO  Logs - Chrome Browser Started Successfully
15:11:58.734 [main]INFO  Logs - Clicked on Sign up Link
15:11:58.856 [main]INFO  Logs - User FirstName is entered
15:11:58.950 [main]INFO  Logs - User LastName is entered
15:11:59.060 [main]INFO  Logs - User Mobile Number is entered
15:11:59.202 [main]INFO  Logs - User email is entered
15:11:59.303 [main]INFO  Logs - User Password is entered
15:12:00.852 [main]INFO  Logs - User Clicked on Sign in button
15:12:00.926 [main]INFO  Logs - Login Test Validation Passed
15:12:04.237 [main]INFO  Logs - Chrome Browser Started Successfully
15:12:06.371 [main]INFO  Logs - Clicked on Sign up Link
15:12:06.480 [main]INFO  Logs - User FirstName is entered
15:12:06.567 [main]INFO  Logs - User LastName is entered
15:12:06.667 [main]INFO  Logs - User Mobile Number is entered
15:12:06.780 [main]INFO  Logs - User email is entered
15:12:06.859 [main]INFO  Logs - User Password is entered
15:12:07.297 [main]INFO  Logs - User Clicked on Sign in button
15:15:02.255 [main]INFO  Logs - Chrome Browser Started Successfully
15:15:04.655 [main]INFO  Logs - Clicked on Sign up Link
15:15:04.798 [main]INFO  Logs - User FirstName is entered
15:15:04.891 [main]INFO  Logs - User LastName is entered
15:15:04.997 [main]INFO  Logs - User Mobile Number is entered
15:15:05.128 [main]INFO  Logs - User email is entered
15:15:05.224 [main]INFO  Logs - User Password is entered
15:15:06.628 [main]INFO  Logs - User Clicked on Sign in button
15:15:06.691 [main]INFO  Logs - Login Test Validation Passed
15:15:10.152 [main]INFO  Logs - Chrome Browser Started Successfully
15:15:12.720 [main]INFO  Logs - Clicked on Sign up Link
15:15:12.834 [main]INFO  Logs - User FirstName is entered
15:15:12.940 [main]INFO  Logs - User LastName is entered
15:15:13.060 [main]INFO  Logs - User Mobile Number is entered
15:15:13.180 [main]INFO  Logs - User email is entered
15:15:13.271 [main]INFO  Logs - User Password is entered
15:15:13.711 [main]INFO  Logs - User Clicked on Sign in button
15:23:45.919 [main]INFO  Logs - Chrome Browser Started Successfully
15:23:48.444 [main]INFO  Logs - Clicked on Sign up Link
15:23:48.610 [main]INFO  Logs - User FirstName is entered
15:23:48.731 [main]INFO  Logs - User LastName is entered
15:23:48.868 [main]INFO  Logs - User Mobile Number is entered
15:23:49.049 [main]INFO  Logs - User email is entered
15:23:49.178 [main]INFO  Logs - User Password is entered
15:23:50.765 [main]INFO  Logs - User Clicked on Sign in button
15:23:50.833 [main]INFO  Logs - Login Test Validation Passed
15:23:54.199 [main]INFO  Logs - Chrome Browser Started Successfully
15:23:56.629 [main]INFO  Logs - Clicked on Sign up Link
15:23:56.735 [main]INFO  Logs - User FirstName is entered
15:23:56.822 [main]INFO  Logs - User LastName is entered
15:23:56.974 [main]INFO  Logs - User Mobile Number is entered
15:23:57.084 [main]INFO  Logs - User email is entered
15:23:57.176 [main]INFO  Logs - User Password is entered
15:23:57.602 [main]INFO  Logs - User Clicked on Sign in button
15:30:44.228 [main]INFO  Logs - Chrome Browser Started Successfully
15:30:46.514 [main]INFO  Logs - Clicked on Sign up Link
15:30:46.636 [main]INFO  Logs - User FirstName is entered
15:30:46.722 [main]INFO  Logs - User LastName is entered
15:30:46.833 [main]INFO  Logs - User Mobile Number is entered
15:30:46.965 [main]INFO  Logs - User email is entered
15:30:47.054 [main]INFO  Logs - User Password is entered
15:30:48.442 [main]INFO  Logs - User Clicked on Sign in button
15:30:48.502 [main]INFO  Logs - Login Test Validation Passed
15:30:51.899 [main]INFO  Logs - Chrome Browser Started Successfully
15:30:53.925 [main]INFO  Logs - Clicked on Sign up Link
15:30:54.043 [main]INFO  Logs - User FirstName is entered
15:30:54.151 [main]INFO  Logs - User LastName is entered
15:30:54.285 [main]INFO  Logs - User Mobile Number is entered
15:30:54.435 [main]INFO  Logs - User email is entered
15:30:54.542 [main]INFO  Logs - User Password is entered
15:30:54.931 [main]INFO  Logs - User Clicked on Sign in button
15:32:44.531 [main]INFO  Logs - Chrome Browser Started Successfully
15:32:46.761 [main]INFO  Logs - Clicked on Sign up Link
15:32:46.899 [main]INFO  Logs - User FirstName is entered
15:32:46.994 [main]INFO  Logs - User LastName is entered
15:32:47.094 [main]INFO  Logs - User Mobile Number is entered
15:32:47.222 [main]INFO  Logs - User email is entered
15:32:47.304 [main]INFO  Logs - User Password is entered
15:32:48.737 [main]INFO  Logs - User Clicked on Sign in button
15:32:48.802 [main]INFO  Logs - Login Test Validation Passed
15:32:52.173 [main]INFO  Logs - Chrome Browser Started Successfully
15:32:54.566 [main]INFO  Logs - Clicked on Sign up Link
15:32:54.677 [main]INFO  Logs - User FirstName is entered
15:32:54.760 [main]INFO  Logs - User LastName is entered
15:32:54.874 [main]INFO  Logs - User Mobile Number is entered
15:32:54.995 [main]INFO  Logs - User email is entered
15:32:55.078 [main]INFO  Logs - User Password is entered
15:32:56.476 [main]INFO  Logs - User Clicked on Sign in button
15:32:56.523 [main]INFO  Logs - Login Test Validation Passed
15:37:27.298 [main]INFO  Logs - Chrome Browser Started Successfully
15:37:29.461 [main]INFO  Logs - Clicked on Sign up Link
15:37:29.592 [main]INFO  Logs - User FirstName is entered
15:37:29.682 [main]INFO  Logs - User LastName is entered
15:37:29.793 [main]INFO  Logs - User Mobile Number is entered
15:37:29.925 [main]INFO  Logs - User email is entered
15:37:30.036 [main]INFO  Logs - User Password is entered
15:37:31.740 [main]INFO  Logs - User Clicked on Sign in button
15:37:31.805 [main]INFO  Logs - Login Test Validation Passed
15:37:33.515 [main]INFO  Logs - Chrome Browser Started Successfully
15:37:35.433 [main]INFO  Logs - Clicked on Sign up Link
15:37:35.593 [main]INFO  Logs - User FirstName is entered
15:37:35.699 [main]INFO  Logs - User LastName is entered
15:37:35.809 [main]INFO  Logs - User Mobile Number is entered
15:37:35.943 [main]INFO  Logs - User email is entered
15:37:36.038 [main]INFO  Logs - User Password is entered
15:37:37.348 [main]INFO  Logs - User Clicked on Sign in button
15:37:37.401 [main]INFO  Logs - Login Test Validation Passed
15:37:38.811 [main]INFO  Logs - Chrome Browser Started Successfully
15:37:40.842 [main]INFO  Logs - Clicked on Sign up Link
15:37:40.976 [main]INFO  Logs - User FirstName is entered
15:37:41.075 [main]INFO  Logs - User LastName is entered
15:37:41.186 [main]INFO  Logs - User Mobile Number is entered
15:37:41.314 [main]INFO  Logs - User email is entered
15:37:41.400 [main]INFO  Logs - User Password is entered
15:37:41.811 [main]INFO  Logs - User Clicked on Sign in button
15:37:51.887 [main]INFO  Logs - Login Test Validation Passed
15:37:53.279 [main]INFO  Logs - Chrome Browser Started Successfully
15:37:55.212 [main]INFO  Logs - Clicked on Sign up Link
15:37:55.346 [main]INFO  Logs - User FirstName is entered
15:37:55.431 [main]INFO  Logs - User LastName is entered
15:37:55.595 [main]INFO  Logs - User Mobile Number is entered
15:37:55.717 [main]INFO  Logs - User email is entered
15:37:55.798 [main]INFO  Logs - User Password is entered
15:37:56.219 [main]INFO  Logs - User Clicked on Sign in button
15:38:06.309 [main]INFO  Logs - Login Test Validation Passed
15:38:07.598 [main]INFO  Logs - Chrome Browser Started Successfully
15:38:09.653 [main]INFO  Logs - Clicked on Sign up Link
15:38:09.766 [main]INFO  Logs - User FirstName is entered
15:38:09.847 [main]INFO  Logs - User LastName is entered
15:38:09.963 [main]INFO  Logs - User Mobile Number is entered
15:38:10.083 [main]INFO  Logs - User email is entered
15:38:10.159 [main]INFO  Logs - User Password is entered
15:38:10.596 [main]INFO  Logs - User Clicked on Sign in button
15:38:20.645 [main]INFO  Logs - Login Test Validation Passed
15:38:22.187 [main]INFO  Logs - Chrome Browser Started Successfully
15:38:24.033 [main]INFO  Logs - Clicked on Sign up Link
15:38:24.153 [main]INFO  Logs - User FirstName is entered
15:38:24.263 [main]INFO  Logs - User LastName is entered
15:38:24.400 [main]INFO  Logs - User Mobile Number is entered
15:38:24.544 [main]INFO  Logs - User email is entered
15:38:24.632 [main]INFO  Logs - User Password is entered
15:38:25.122 [main]INFO  Logs - User Clicked on Sign in button
15:38:35.170 [main]INFO  Logs - Login Test Validation Passed
15:38:36.466 [main]INFO  Logs - Chrome Browser Started Successfully
15:38:38.418 [main]INFO  Logs - Clicked on Sign up Link
15:38:38.526 [main]INFO  Logs - User FirstName is entered
15:38:38.593 [main]INFO  Logs - User LastName is entered
15:38:38.698 [main]INFO  Logs - User Mobile Number is entered
15:38:38.806 [main]INFO  Logs - User email is entered
15:38:38.895 [main]INFO  Logs - User Password is entered
15:38:39.298 [main]INFO  Logs - User Clicked on Sign in button
15:38:49.357 [main]INFO  Logs - Login Test Validation Passed
15:38:50.644 [main]INFO  Logs - Chrome Browser Started Successfully
15:38:52.762 [main]INFO  Logs - Clicked on Sign up Link
15:38:52.926 [main]INFO  Logs - User FirstName is entered
15:38:53.047 [main]INFO  Logs - User LastName is entered
15:38:53.152 [main]INFO  Logs - User Mobile Number is entered
15:38:53.288 [main]INFO  Logs - User email is entered
15:38:53.359 [main]INFO  Logs - User Password is entered
15:38:53.752 [main]INFO  Logs - User Clicked on Sign in button
15:39:03.804 [main]INFO  Logs - Login Test Validation Passed
16:30:24.672 [main]INFO  Logs - Chrome Browser Started Successfully
16:30:29.502 [main]INFO  Logs - Clicked on Sign up Link
16:30:29.631 [main]INFO  Logs - Parent Email is entered.
16:30:31.132 [main]INFO  Logs - User clicked on Send Email Button
16:30:31.270 [main]INFO  Logs - Login Test Validation Passed
16:31:28.049 [main]INFO  Logs - Chrome Browser Started Successfully
16:31:31.529 [main]INFO  Logs - Clicked on Sign up Link
16:31:31.776 [main]INFO  Logs - Parent Email is entered.
16:31:33.227 [main]INFO  Logs - User clicked on Send Email Button
16:31:33.309 [main]INFO  Logs - Login Test Validation Passed
16:31:34.832 [main]INFO  Logs - Chrome Browser Started Successfully
16:31:37.871 [main]INFO  Logs - Clicked on Sign up Link
16:31:37.993 [main]INFO  Logs - Parent Email is entered.
16:31:38.923 [main]INFO  Logs - User clicked on Send Email Button
16:31:40.559 [main]INFO  Logs - Chrome Browser Started Successfully
16:31:43.437 [main]INFO  Logs - Clicked on Sign up Link
16:31:43.567 [main]INFO  Logs - Parent Email is entered.
16:31:44.203 [main]INFO  Logs - User clicked on Send Email Button
16:37:09.994 [main]INFO  Logs - Chrome Browser Started Successfully
16:37:13.503 [main]INFO  Logs - Clicked on Sign up Link
16:37:13.922 [main]INFO  Logs - Parent Email is entered.
16:37:15.510 [main]INFO  Logs - User clicked on Send Email Button
16:37:17.153 [main]INFO  Logs - Chrome Browser Started Successfully
16:37:20.670 [main]INFO  Logs - Clicked on Sign up Link
16:37:20.784 [main]INFO  Logs - Parent Email is entered.
16:37:21.821 [main]INFO  Logs - User clicked on Send Email Button
16:37:21.943 [main]INFO  Logs - Login Test Validation Passed
16:37:23.816 [main]INFO  Logs - Chrome Browser Started Successfully
16:37:27.016 [main]INFO  Logs - Clicked on Sign up Link
16:37:27.099 [main]INFO  Logs - Parent Email is entered.
16:37:27.470 [main]INFO  Logs - User clicked on Send Email Button
16:37:27.871 [main]INFO  Logs - Login Test Validation Passed
16:41:02.762 [main]INFO  Logs - Chrome Browser Started Successfully
16:41:06.366 [main]INFO  Logs - Clicked on Sign up Link
16:41:06.540 [main]INFO  Logs - Parent Email is entered.
16:41:07.954 [main]INFO  Logs - User clicked on Send Email Button
16:41:09.236 [main]INFO  Logs - Chrome Browser Started Successfully
16:41:13.129 [main]INFO  Logs - Clicked on Sign up Link
16:41:13.240 [main]INFO  Logs - Parent Email is entered.
16:41:14.168 [main]INFO  Logs - User clicked on Send Email Button
16:41:14.252 [main]INFO  Logs - Login Test Validation Passed
16:41:15.655 [main]INFO  Logs - Chrome Browser Started Successfully
16:41:18.650 [main]INFO  Logs - Clicked on Sign up Link
16:41:18.729 [main]INFO  Logs - Parent Email is entered.
16:41:19.049 [main]INFO  Logs - User clicked on Send Email Button
16:41:19.416 [main]INFO  Logs - Login Test Validation Passed
16:43:14.647 [main]INFO  Logs - Chrome Browser Started Successfully
16:43:17.662 [main]INFO  Logs - Clicked on Sign up Link
16:43:17.782 [main]INFO  Logs - Parent Email is entered.
16:43:19.127 [main]INFO  Logs - User clicked on Send Email Button
16:43:19.219 [main]INFO  Logs - Login Test Validation Passed
16:43:20.861 [main]INFO  Logs - Chrome Browser Started Successfully
16:43:23.938 [main]INFO  Logs - Clicked on Sign up Link
16:43:24.047 [main]INFO  Logs - Parent Email is entered.
16:43:25.095 [main]INFO  Logs - User clicked on Send Email Button
16:43:25.223 [main]INFO  Logs - Login Test Validation Passed
16:43:26.662 [main]INFO  Logs - Chrome Browser Started Successfully
16:43:29.696 [main]INFO  Logs - Clicked on Sign up Link
16:43:29.811 [main]INFO  Logs - Parent Email is entered.
16:43:30.227 [main]INFO  Logs - User clicked on Send Email Button
16:43:30.552 [main]INFO  Logs - Login Test Validation Passed
16:56:43.270 [main]INFO  Logs - Chrome Browser Started Successfully
16:56:47.647 [main]INFO  Logs - Clicked on Sign up Link
16:56:47.811 [main]INFO  Logs - Parent Email is entered.
16:56:49.403 [main]INFO  Logs - User clicked on Send Email Button
16:56:49.501 [main]INFO  Logs - Login Test Validation Passed
16:56:51.004 [main]INFO  Logs - Chrome Browser Started Successfully
16:56:54.206 [main]INFO  Logs - Clicked on Sign up Link
16:56:54.375 [main]INFO  Logs - Parent Email is entered.
16:56:55.430 [main]INFO  Logs - User clicked on Send Email Button
16:56:55.521 [main]INFO  Logs - Login Test Validation Passed
16:56:56.846 [main]INFO  Logs - Chrome Browser Started Successfully
16:57:00.435 [main]INFO  Logs - Clicked on Sign up Link
16:57:00.545 [main]INFO  Logs - Parent Email is entered.
16:57:01.123 [main]INFO  Logs - User clicked on Send Email Button
16:57:01.225 [main]INFO  Logs - Login Test Validation Passed
16:57:02.720 [main]INFO  Logs - Chrome Browser Started Successfully
16:57:04.558 [main]INFO  Logs - User Email is Entered
16:57:04.649 [main]INFO  Logs - User Password is Entered
16:57:05.256 [main]INFO  Logs - Clicked on Sign in button
16:57:15.380 [main]INFO  Logs - Login Test Validation Passed
16:57:16.776 [main]INFO  Logs - Chrome Browser Started Successfully
16:57:18.604 [main]INFO  Logs - User Email is Entered
16:57:18.691 [main]INFO  Logs - User Password is Entered
16:57:19.314 [main]INFO  Logs - Clicked on Sign in button
16:57:29.379 [main]INFO  Logs - Login Test Validation Passed
16:57:30.619 [main]INFO  Logs - Chrome Browser Started Successfully
16:57:32.449 [main]INFO  Logs - User Email is Entered
16:57:32.536 [main]INFO  Logs - User Password is Entered
16:57:34.314 [main]INFO  Logs - Clicked on Sign in button
16:57:34.412 [main]INFO  Logs - Login Test Validation Passed
16:57:35.607 [main]INFO  Logs - Chrome Browser Started Successfully
16:57:37.668 [main]INFO  Logs - User Email is Entered
16:57:37.755 [main]INFO  Logs - User Password is Entered
16:57:39.514 [main]INFO  Logs - Clicked on Sign in button
16:57:41.288 [main]INFO  Logs - Chrome Browser Started Successfully
16:57:43.354 [main]INFO  Logs - Clicked on Sign up Link
16:57:43.541 [main]INFO  Logs - User FirstName is entered
16:57:43.620 [main]INFO  Logs - User LastName is entered
16:57:43.712 [main]INFO  Logs - User Mobile Number is entered
16:57:43.829 [main]INFO  Logs - User email is entered
16:57:43.921 [main]INFO  Logs - User Password is entered
16:57:45.650 [main]INFO  Logs - User Clicked on Sign in button
16:57:45.704 [main]INFO  Logs - Login Test Validation Passed
16:57:46.918 [main]INFO  Logs - Chrome Browser Started Successfully
16:57:49.243 [main]INFO  Logs - Clicked on Sign up Link
16:57:49.399 [main]INFO  Logs - User FirstName is entered
16:57:49.500 [main]INFO  Logs - User LastName is entered
16:57:49.599 [main]INFO  Logs - User Mobile Number is entered
16:57:49.714 [main]INFO  Logs - User email is entered
16:57:49.794 [main]INFO  Logs - User Password is entered
16:57:51.371 [main]INFO  Logs - User Clicked on Sign in button
16:57:51.428 [main]INFO  Logs - Login Test Validation Passed
16:57:52.733 [main]INFO  Logs - Chrome Browser Started Successfully
16:57:54.934 [main]INFO  Logs - Clicked on Sign up Link
16:57:55.054 [main]INFO  Logs - User FirstName is entered
16:57:55.153 [main]INFO  Logs - User LastName is entered
16:57:55.287 [main]INFO  Logs - User Mobile Number is entered
16:57:55.396 [main]INFO  Logs - User email is entered
16:57:55.498 [main]INFO  Logs - User Password is entered
16:57:55.971 [main]INFO  Logs - User Clicked on Sign in button
16:58:06.036 [main]INFO  Logs - Login Test Validation Passed
16:58:07.380 [main]INFO  Logs - Chrome Browser Started Successfully
16:58:09.526 [main]INFO  Logs - Clicked on Sign up Link
16:58:09.694 [main]INFO  Logs - User FirstName is entered
16:58:09.777 [main]INFO  Logs - User LastName is entered
16:58:09.907 [main]INFO  Logs - User Mobile Number is entered
16:58:10.024 [main]INFO  Logs - User email is entered
16:58:10.105 [main]INFO  Logs - User Password is entered
16:58:10.584 [main]INFO  Logs - User Clicked on Sign in button
16:58:20.654 [main]INFO  Logs - Login Test Validation Passed
16:58:21.844 [main]INFO  Logs - Chrome Browser Started Successfully
16:58:24.220 [main]INFO  Logs - Clicked on Sign up Link
16:58:24.353 [main]INFO  Logs - User FirstName is entered
16:58:24.473 [main]INFO  Logs - User LastName is entered
16:58:24.580 [main]INFO  Logs - User Mobile Number is entered
16:58:24.704 [main]INFO  Logs - User email is entered
16:58:24.779 [main]INFO  Logs - User Password is entered
16:58:25.216 [main]INFO  Logs - User Clicked on Sign in button
16:58:35.274 [main]INFO  Logs - Login Test Validation Passed
16:58:36.728 [main]INFO  Logs - Chrome Browser Started Successfully
16:58:38.944 [main]INFO  Logs - Clicked on Sign up Link
16:58:39.040 [main]INFO  Logs - User FirstName is entered
16:58:39.148 [main]INFO  Logs - User LastName is entered
16:58:39.292 [main]INFO  Logs - User Mobile Number is entered
16:58:39.424 [main]INFO  Logs - User email is entered
16:58:39.538 [main]INFO  Logs - User Password is entered
16:58:39.961 [main]INFO  Logs - User Clicked on Sign in button
16:58:49.986 [main]INFO  Logs - Login Test Validation Passed
16:58:51.093 [main]INFO  Logs - Chrome Browser Started Successfully
16:58:53.179 [main]INFO  Logs - Clicked on Sign up Link
16:58:53.293 [main]INFO  Logs - User FirstName is entered
16:58:53.372 [main]INFO  Logs - User LastName is entered
16:58:53.468 [main]INFO  Logs - User Mobile Number is entered
16:58:53.588 [main]INFO  Logs - User email is entered
16:58:53.667 [main]INFO  Logs - User Password is entered
16:58:54.103 [main]INFO  Logs - User Clicked on Sign in button
16:59:04.141 [main]INFO  Logs - Login Test Validation Passed
16:59:05.523 [main]INFO  Logs - Chrome Browser Started Successfully
16:59:07.563 [main]INFO  Logs - Clicked on Sign up Link
16:59:07.722 [main]INFO  Logs - User FirstName is entered
16:59:07.809 [main]INFO  Logs - User LastName is entered
16:59:07.916 [main]INFO  Logs - User Mobile Number is entered
16:59:08.033 [main]INFO  Logs - User email is entered
16:59:08.097 [main]INFO  Logs - User Password is entered
16:59:08.554 [main]INFO  Logs - User Clicked on Sign in button
16:59:18.643 [main]INFO  Logs - Login Test Validation Passed
17:03:28.897 [main]INFO  Logs - Chrome Browser Started Successfully
17:03:32.248 [main]INFO  Logs - Clicked on Sign up Link
17:03:32.381 [main]INFO  Logs - Parent Email is entered.
17:03:33.774 [main]INFO  Logs - User clicked on Send Email Button
17:03:33.850 [main]INFO  Logs - Login Test Validation Passed
17:03:35.332 [main]INFO  Logs - Chrome Browser Started Successfully
17:03:38.684 [main]INFO  Logs - Clicked on Sign up Link
17:03:38.870 [main]INFO  Logs - Parent Email is entered.
17:03:39.728 [main]INFO  Logs - User clicked on Send Email Button
17:03:39.794 [main]INFO  Logs - Login Test Validation Passed
17:03:41.473 [main]INFO  Logs - Chrome Browser Started Successfully
17:03:44.765 [main]INFO  Logs - Clicked on Sign up Link
17:03:44.933 [main]INFO  Logs - Parent Email is entered.
17:03:45.525 [main]INFO  Logs - User clicked on Send Email Button
17:03:45.613 [main]INFO  Logs - Login Test Validation Passed
17:03:47.058 [main]INFO  Logs - Chrome Browser Started Successfully
17:03:48.824 [main]INFO  Logs - User Email is Entered
17:03:48.929 [main]INFO  Logs - User Password is Entered
17:03:49.537 [main]INFO  Logs - Clicked on Sign in button
17:03:59.652 [main]INFO  Logs - Login Test Validation Passed
17:04:00.984 [main]INFO  Logs - Chrome Browser Started Successfully
17:04:02.742 [main]INFO  Logs - User Email is Entered
17:04:02.834 [main]INFO  Logs - User Password is Entered
17:04:03.423 [main]INFO  Logs - Clicked on Sign in button
17:04:13.498 [main]INFO  Logs - Login Test Validation Passed
17:04:14.885 [main]INFO  Logs - Chrome Browser Started Successfully
17:04:16.745 [main]INFO  Logs - User Email is Entered
17:04:16.883 [main]INFO  Logs - User Password is Entered
17:04:19.017 [main]INFO  Logs - Clicked on Sign in button
17:04:19.106 [main]INFO  Logs - Login Test Validation Passed
17:04:20.544 [main]INFO  Logs - Chrome Browser Started Successfully
17:04:22.778 [main]INFO  Logs - User Email is Entered
17:04:22.845 [main]INFO  Logs - User Password is Entered
17:04:23.298 [main]INFO  Logs - Clicked on Sign in button
17:04:33.371 [main]INFO  Logs - Login Test Validation Passed
17:04:34.738 [main]INFO  Logs - Chrome Browser Started Successfully
17:04:36.820 [main]INFO  Logs - User Email is Entered
17:04:36.954 [main]INFO  Logs - User Password is Entered
17:04:37.348 [main]INFO  Logs - Clicked on Sign in button
17:04:47.420 [main]INFO  Logs - Login Test Validation Passed
17:04:48.771 [main]INFO  Logs - Chrome Browser Started Successfully
17:04:50.895 [main]INFO  Logs - Clicked on Sign up Link
17:04:51.019 [main]INFO  Logs - User FirstName is entered
17:04:51.099 [main]INFO  Logs - User LastName is entered
17:04:51.192 [main]INFO  Logs - User Mobile Number is entered
17:04:51.311 [main]INFO  Logs - User email is entered
17:04:51.386 [main]INFO  Logs - User Password is entered
17:04:52.784 [main]INFO  Logs - User Clicked on Sign in button
17:04:52.855 [main]INFO  Logs - Login Test Validation Passed
17:04:54.072 [main]INFO  Logs - Chrome Browser Started Successfully
17:04:56.281 [main]INFO  Logs - Clicked on Sign up Link
17:04:56.389 [main]INFO  Logs - User FirstName is entered
17:04:56.475 [main]INFO  Logs - User LastName is entered
17:04:56.570 [main]INFO  Logs - User Mobile Number is entered
17:04:56.687 [main]INFO  Logs - User email is entered
17:04:56.767 [main]INFO  Logs - User Password is entered
17:04:58.146 [main]INFO  Logs - User Clicked on Sign in button
17:04:58.212 [main]INFO  Logs - Login Test Validation Passed
17:04:59.528 [main]INFO  Logs - Chrome Browser Started Successfully
17:05:01.632 [main]INFO  Logs - Clicked on Sign up Link
17:05:01.735 [main]INFO  Logs - User FirstName is entered
17:05:01.818 [main]INFO  Logs - User LastName is entered
17:05:01.939 [main]INFO  Logs - User Mobile Number is entered
17:05:02.061 [main]INFO  Logs - User email is entered
17:05:02.142 [main]INFO  Logs - User Password is entered
17:05:02.614 [main]INFO  Logs - User Clicked on Sign in button
17:05:12.682 [main]INFO  Logs - Login Test Validation Passed
17:05:14.028 [main]INFO  Logs - Chrome Browser Started Successfully
17:05:16.258 [main]INFO  Logs - Clicked on Sign up Link
17:05:16.457 [main]INFO  Logs - User FirstName is entered
17:05:16.537 [main]INFO  Logs - User LastName is entered
17:05:16.651 [main]INFO  Logs - User Mobile Number is entered
17:05:16.755 [main]INFO  Logs - User email is entered
17:05:16.833 [main]INFO  Logs - User Password is entered
17:05:17.283 [main]INFO  Logs - User Clicked on Sign in button
17:05:27.368 [main]INFO  Logs - Login Test Validation Passed
17:05:28.667 [main]INFO  Logs - Chrome Browser Started Successfully
17:05:30.961 [main]INFO  Logs - Clicked on Sign up Link
17:05:31.080 [main]INFO  Logs - User FirstName is entered
17:05:31.166 [main]INFO  Logs - User LastName is entered
17:05:31.272 [main]INFO  Logs - User Mobile Number is entered
17:05:31.384 [main]INFO  Logs - User email is entered
17:05:31.459 [main]INFO  Logs - User Password is entered
17:05:31.915 [main]INFO  Logs - User Clicked on Sign in button
17:05:41.936 [main]INFO  Logs - Login Test Validation Passed
17:05:43.208 [main]INFO  Logs - Chrome Browser Started Successfully
17:05:45.712 [main]INFO  Logs - Clicked on Sign up Link
17:05:45.821 [main]INFO  Logs - User FirstName is entered
17:05:45.928 [main]INFO  Logs - User LastName is entered
17:05:46.050 [main]INFO  Logs - User Mobile Number is entered
17:05:46.153 [main]INFO  Logs - User email is entered
17:05:46.230 [main]INFO  Logs - User Password is entered
17:05:46.704 [main]INFO  Logs - User Clicked on Sign in button
17:05:56.754 [main]INFO  Logs - Login Test Validation Passed
17:05:58.402 [main]INFO  Logs - Chrome Browser Started Successfully
17:06:00.643 [main]INFO  Logs - Clicked on Sign up Link
17:06:00.791 [main]INFO  Logs - User FirstName is entered
17:06:00.874 [main]INFO  Logs - User LastName is entered
17:06:00.969 [main]INFO  Logs - User Mobile Number is entered
17:06:01.083 [main]INFO  Logs - User email is entered
17:06:01.160 [main]INFO  Logs - User Password is entered
17:06:01.611 [main]INFO  Logs - User Clicked on Sign in button
17:06:11.643 [main]INFO  Logs - Login Test Validation Passed
17:06:12.976 [main]INFO  Logs - Chrome Browser Started Successfully
17:06:15.135 [main]INFO  Logs - Clicked on Sign up Link
17:06:15.238 [main]INFO  Logs - User FirstName is entered
17:06:15.323 [main]INFO  Logs - User LastName is entered
17:06:15.434 [main]INFO  Logs - User Mobile Number is entered
17:06:15.568 [main]INFO  Logs - User email is entered
17:06:15.653 [main]INFO  Logs - User Password is entered
17:06:16.049 [main]INFO  Logs - User Clicked on Sign in button
17:06:26.085 [main]INFO  Logs - Login Test Validation Passed
